CRITICAL - 2022-03-24 06:11:34 --> Invalid file: Hai.php
#0 /Applications/XAMPP/xamppfiles/htdocs/WebApp/system/View/View.php(198): CodeIgniter\Exceptions\FrameworkException::forInvalidFile('Hai.php')
#1 /Applications/XAMPP/xamppfiles/htdocs/WebApp/system/Common.php(1089): CodeIgniter\View\View->render('Hai', Array, true)
#2 /Applications/XAMPP/xamppfiles/htdocs/WebApp/app/Controllers/Home.php(9): view('Hai')
#3 /Applications/XAMPP/xamppfiles/htdocs/WebApp/system/CodeIgniter.php(825): App\Controllers\Home->index()
#4 /Applications/XAMPP/xamppfiles/htdocs/WebApp/system/CodeIgniter.php(412): CodeIgniter\CodeIgniter->runController(Object(App\Controllers\Home))
#5 /Applications/XAMPP/xamppfiles/htdocs/WebApp/system/CodeIgniter.php(320): CodeIgniter\CodeIgniter->handleRequest(NULL, Object(Config\Cache), false)
#6 /Applications/XAMPP/xamppfiles/htdocs/WebApp/public/index.php(37): CodeIgniter\CodeIgniter->run()
#7 /Applications/XAMPP/xamppfiles/htdocs/WebApp/system/Commands/Server/rewrite.php(43): require_once('/Applications/X...')
#8 {main}
CRITICAL - 2022-03-24 15:57:30 --> require(/Applications/XAMPP/xamppfiles/htdocs/WebApp/app/Controllers/vendor/autoload.php): Failed to open stream: No such file or directory
#0 /Applications/XAMPP/xamppfiles/htdocs/WebApp/app/Controllers/Home.php(5): CodeIgniter\Debug\Exceptions->errorHandler(2, 'require(/Applic...', '/Applications/X...', 5)
#1 /Applications/XAMPP/xamppfiles/htdocs/WebApp/app/Controllers/Home.php(5): require()
#2 /Applications/XAMPP/xamppfiles/htdocs/WebApp/system/Router/Router.php(518): include_once('/Applications/X...')
#3 /Applications/XAMPP/xamppfiles/htdocs/WebApp/system/Router/Router.php(175): CodeIgniter\Router\Router->autoRoute('home/brockenAut...')
#4 /Applications/XAMPP/xamppfiles/htdocs/WebApp/system/CodeIgniter.php(719): CodeIgniter\Router\Router->handle('home/brockenAut...')
#5 /Applications/XAMPP/xamppfiles/htdocs/WebApp/system/CodeIgniter.php(361): CodeIgniter\CodeIgniter->tryToRouteIt(Object(CodeIgniter\Router\RouteCollection))
#6 /Applications/XAMPP/xamppfiles/htdocs/WebApp/system/CodeIgniter.php(320): CodeIgniter\CodeIgniter->handleRequest(NULL, Object(Config\Cache), false)
#7 /Applications/XAMPP/xamppfiles/htdocs/WebApp/public/index.php(37): CodeIgniter\CodeIgniter->run()
#8 /Applications/XAMPP/xamppfiles/htdocs/WebApp/system/Commands/Server/rewrite.php(43): require_once('/Applications/X...')
#9 {main}
CRITICAL - 2022-03-24 15:57:33 --> require(/Applications/XAMPP/xamppfiles/htdocs/WebApp/app/Controllers/vendor/autoload.php): Failed to open stream: No such file or directory
#0 /Applications/XAMPP/xamppfiles/htdocs/WebApp/app/Controllers/Home.php(5): CodeIgniter\Debug\Exceptions->errorHandler(2, 'require(/Applic...', '/Applications/X...', 5)
#1 /Applications/XAMPP/xamppfiles/htdocs/WebApp/app/Controllers/Home.php(5): require()
#2 /Applications/XAMPP/xamppfiles/htdocs/WebApp/system/Autoloader/Autoloader.php(264): include_once('/Applications/X...')
#3 /Applications/XAMPP/xamppfiles/htdocs/WebApp/system/Autoloader/Autoloader.php(241): CodeIgniter\Autoloader\Autoloader->includeFile('/Applications/X...')
#4 /Applications/XAMPP/xamppfiles/htdocs/WebApp/system/Autoloader/Autoloader.php(219): CodeIgniter\Autoloader\Autoloader->loadInNamespace('App\\Controllers...')
#5 [internal function]: CodeIgniter\Autoloader\Autoloader->loadClass('App\\Controllers...')
#6 /Applications/XAMPP/xamppfiles/htdocs/WebApp/system/CodeIgniter.php(790): class_exists('\\App\\Controller...', true)
#7 /Applications/XAMPP/xamppfiles/htdocs/WebApp/system/CodeIgniter.php(399): CodeIgniter\CodeIgniter->startController()
#8 /Applications/XAMPP/xamppfiles/htdocs/WebApp/system/CodeIgniter.php(320): CodeIgniter\CodeIgniter->handleRequest(NULL, Object(Config\Cache), false)
#9 /Applications/XAMPP/xamppfiles/htdocs/WebApp/public/index.php(37): CodeIgniter\CodeIgniter->run()
#10 /Applications/XAMPP/xamppfiles/htdocs/WebApp/system/Commands/Server/rewrite.php(43): require_once('/Applications/X...')
#11 {main}
CRITICAL - 2022-03-24 15:57:43 --> require(/Applications/XAMPP/xamppfiles/htdocs/WebApp/app/Controllers/vendor/autoload.php): Failed to open stream: No such file or directory
#0 /Applications/XAMPP/xamppfiles/htdocs/WebApp/app/Controllers/Home.php(5): CodeIgniter\Debug\Exceptions->errorHandler(2, 'require(/Applic...', '/Applications/X...', 5)
#1 /Applications/XAMPP/xamppfiles/htdocs/WebApp/app/Controllers/Home.php(5): require()
#2 /Applications/XAMPP/xamppfiles/htdocs/WebApp/system/Autoloader/Autoloader.php(264): include_once('/Applications/X...')
#3 /Applications/XAMPP/xamppfiles/htdocs/WebApp/system/Autoloader/Autoloader.php(241): CodeIgniter\Autoloader\Autoloader->includeFile('/Applications/X...')
#4 /Applications/XAMPP/xamppfiles/htdocs/WebApp/system/Autoloader/Autoloader.php(219): CodeIgniter\Autoloader\Autoloader->loadInNamespace('App\\Controllers...')
#5 [internal function]: CodeIgniter\Autoloader\Autoloader->loadClass('App\\Controllers...')
#6 /Applications/XAMPP/xamppfiles/htdocs/WebApp/system/CodeIgniter.php(790): class_exists('\\App\\Controller...', true)
#7 /Applications/XAMPP/xamppfiles/htdocs/WebApp/system/CodeIgniter.php(399): CodeIgniter\CodeIgniter->startController()
#8 /Applications/XAMPP/xamppfiles/htdocs/WebApp/system/CodeIgniter.php(320): CodeIgniter\CodeIgniter->handleRequest(NULL, Object(Config\Cache), false)
#9 /Applications/XAMPP/xamppfiles/htdocs/WebApp/public/index.php(37): CodeIgniter\CodeIgniter->run()
#10 /Applications/XAMPP/xamppfiles/htdocs/WebApp/system/Commands/Server/rewrite.php(43): require_once('/Applications/X...')
#11 {main}
CRITICAL - 2022-03-24 15:57:58 --> require(/Applications/XAMPP/xamppfiles/htdocs/WebApp/app/Controllers/vendor/autoload.php): Failed to open stream: No such file or directory
#0 /Applications/XAMPP/xamppfiles/htdocs/WebApp/app/Controllers/Home.php(5): CodeIgniter\Debug\Exceptions->errorHandler(2, 'require(/Applic...', '/Applications/X...', 5)
#1 /Applications/XAMPP/xamppfiles/htdocs/WebApp/app/Controllers/Home.php(5): require()
#2 /Applications/XAMPP/xamppfiles/htdocs/WebApp/system/Router/Router.php(518): include_once('/Applications/X...')
#3 /Applications/XAMPP/xamppfiles/htdocs/WebApp/system/Router/Router.php(175): CodeIgniter\Router\Router->autoRoute('home/index')
#4 /Applications/XAMPP/xamppfiles/htdocs/WebApp/system/CodeIgniter.php(719): CodeIgniter\Router\Router->handle('home/index')
#5 /Applications/XAMPP/xamppfiles/htdocs/WebApp/system/CodeIgniter.php(361): CodeIgniter\CodeIgniter->tryToRouteIt(Object(CodeIgniter\Router\RouteCollection))
#6 /Applications/XAMPP/xamppfiles/htdocs/WebApp/system/CodeIgniter.php(320): CodeIgniter\CodeIgniter->handleRequest(NULL, Object(Config\Cache), false)
#7 /Applications/XAMPP/xamppfiles/htdocs/WebApp/public/index.php(37): CodeIgniter\CodeIgniter->run()
#8 /Applications/XAMPP/xamppfiles/htdocs/WebApp/system/Commands/Server/rewrite.php(43): require_once('/Applications/X...')
#9 {main}
CRITICAL - 2022-03-24 15:58:19 --> require(/Applications/XAMPP/xamppfiles/htdocs/WebApp/app/Controllers/vendor/autoload.php): Failed to open stream: No such file or directory
#0 /Applications/XAMPP/xamppfiles/htdocs/WebApp/app/Controllers/Home.php(5): CodeIgniter\Debug\Exceptions->errorHandler(2, 'require(/Applic...', '/Applications/X...', 5)
#1 /Applications/XAMPP/xamppfiles/htdocs/WebApp/app/Controllers/Home.php(5): require()
#2 /Applications/XAMPP/xamppfiles/htdocs/WebApp/system/Router/Router.php(518): include_once('/Applications/X...')
#3 /Applications/XAMPP/xamppfiles/htdocs/WebApp/system/Router/Router.php(175): CodeIgniter\Router\Router->autoRoute('home/index')
#4 /Applications/XAMPP/xamppfiles/htdocs/WebApp/system/CodeIgniter.php(719): CodeIgniter\Router\Router->handle('home/index')
#5 /Applications/XAMPP/xamppfiles/htdocs/WebApp/system/CodeIgniter.php(361): CodeIgniter\CodeIgniter->tryToRouteIt(Object(CodeIgniter\Router\RouteCollection))
#6 /Applications/XAMPP/xamppfiles/htdocs/WebApp/system/CodeIgniter.php(320): CodeIgniter\CodeIgniter->handleRequest(NULL, Object(Config\Cache), false)
#7 /Applications/XAMPP/xamppfiles/htdocs/WebApp/public/index.php(37): CodeIgniter\CodeIgniter->run()
#8 /Applications/XAMPP/xamppfiles/htdocs/WebApp/system/Commands/Server/rewrite.php(43): require_once('/Applications/X...')
#9 {main}
CRITICAL - 2022-03-24 15:58:32 --> require(/Applications/XAMPP/xamppfiles/htdocs/WebApp/app/Controllers/vendor/autoload.php): Failed to open stream: No such file or directory
#0 /Applications/XAMPP/xamppfiles/htdocs/WebApp/app/Controllers/Home.php(5): CodeIgniter\Debug\Exceptions->errorHandler(2, 'require(/Applic...', '/Applications/X...', 5)
#1 /Applications/XAMPP/xamppfiles/htdocs/WebApp/app/Controllers/Home.php(5): require()
#2 /Applications/XAMPP/xamppfiles/htdocs/WebApp/system/Autoloader/Autoloader.php(264): include_once('/Applications/X...')
#3 /Applications/XAMPP/xamppfiles/htdocs/WebApp/system/Autoloader/Autoloader.php(241): CodeIgniter\Autoloader\Autoloader->includeFile('/Applications/X...')
#4 /Applications/XAMPP/xamppfiles/htdocs/WebApp/system/Autoloader/Autoloader.php(219): CodeIgniter\Autoloader\Autoloader->loadInNamespace('App\\Controllers...')
#5 [internal function]: CodeIgniter\Autoloader\Autoloader->loadClass('App\\Controllers...')
#6 /Applications/XAMPP/xamppfiles/htdocs/WebApp/system/CodeIgniter.php(790): class_exists('\\App\\Controller...', true)
#7 /Applications/XAMPP/xamppfiles/htdocs/WebApp/system/CodeIgniter.php(399): CodeIgniter\CodeIgniter->startController()
#8 /Applications/XAMPP/xamppfiles/htdocs/WebApp/system/CodeIgniter.php(320): CodeIgniter\CodeIgniter->handleRequest(NULL, Object(Config\Cache), false)
#9 /Applications/XAMPP/xamppfiles/htdocs/WebApp/public/index.php(37): CodeIgniter\CodeIgniter->run()
#10 /Applications/XAMPP/xamppfiles/htdocs/WebApp/system/Commands/Server/rewrite.php(43): require_once('/Applications/X...')
#11 {main}
CRITICAL - 2022-03-24 15:58:47 --> require(/Applications/XAMPP/xamppfiles/htdocs/WebApp/app/Controllers/vendor/autoload.php): Failed to open stream: No such file or directory
#0 /Applications/XAMPP/xamppfiles/htdocs/WebApp/app/Controllers/Home.php(5): CodeIgniter\Debug\Exceptions->errorHandler(2, 'require(/Applic...', '/Applications/X...', 5)
#1 /Applications/XAMPP/xamppfiles/htdocs/WebApp/app/Controllers/Home.php(5): require()
#2 /Applications/XAMPP/xamppfiles/htdocs/WebApp/system/Autoloader/Autoloader.php(264): include_once('/Applications/X...')
#3 /Applications/XAMPP/xamppfiles/htdocs/WebApp/system/Autoloader/Autoloader.php(241): CodeIgniter\Autoloader\Autoloader->includeFile('/Applications/X...')
#4 /Applications/XAMPP/xamppfiles/htdocs/WebApp/system/Autoloader/Autoloader.php(219): CodeIgniter\Autoloader\Autoloader->loadInNamespace('App\\Controllers...')
#5 [internal function]: CodeIgniter\Autoloader\Autoloader->loadClass('App\\Controllers...')
#6 /Applications/XAMPP/xamppfiles/htdocs/WebApp/system/CodeIgniter.php(790): class_exists('\\App\\Controller...', true)
#7 /Applications/XAMPP/xamppfiles/htdocs/WebApp/system/CodeIgniter.php(399): CodeIgniter\CodeIgniter->startController()
#8 /Applications/XAMPP/xamppfiles/htdocs/WebApp/system/CodeIgniter.php(320): CodeIgniter\CodeIgniter->handleRequest(NULL, Object(Config\Cache), false)
#9 /Applications/XAMPP/xamppfiles/htdocs/WebApp/public/index.php(37): CodeIgniter\CodeIgniter->run()
#10 /Applications/XAMPP/xamppfiles/htdocs/WebApp/system/Commands/Server/rewrite.php(43): require_once('/Applications/X...')
#11 {main}
CRITICAL - 2022-03-24 15:59:12 --> require(/Applications/XAMPP/xamppfiles/htdocs/WebApp/app/Controllers/vendor/autoload.php): Failed to open stream: No such file or directory
#0 /Applications/XAMPP/xamppfiles/htdocs/WebApp/app/Controllers/Home.php(5): CodeIgniter\Debug\Exceptions->errorHandler(2, 'require(/Applic...', '/Applications/X...', 5)
#1 /Applications/XAMPP/xamppfiles/htdocs/WebApp/app/Controllers/Home.php(5): require()
#2 /Applications/XAMPP/xamppfiles/htdocs/WebApp/system/Autoloader/Autoloader.php(264): include_once('/Applications/X...')
#3 /Applications/XAMPP/xamppfiles/htdocs/WebApp/system/Autoloader/Autoloader.php(241): CodeIgniter\Autoloader\Autoloader->includeFile('/Applications/X...')
#4 /Applications/XAMPP/xamppfiles/htdocs/WebApp/system/Autoloader/Autoloader.php(219): CodeIgniter\Autoloader\Autoloader->loadInNamespace('App\\Controllers...')
#5 [internal function]: CodeIgniter\Autoloader\Autoloader->loadClass('App\\Controllers...')
#6 /Applications/XAMPP/xamppfiles/htdocs/WebApp/system/CodeIgniter.php(790): class_exists('\\App\\Controller...', true)
#7 /Applications/XAMPP/xamppfiles/htdocs/WebApp/system/CodeIgniter.php(399): CodeIgniter\CodeIgniter->startController()
#8 /Applications/XAMPP/xamppfiles/htdocs/WebApp/system/CodeIgniter.php(320): CodeIgniter\CodeIgniter->handleRequest(NULL, Object(Config\Cache), false)
#9 /Applications/XAMPP/xamppfiles/htdocs/WebApp/public/index.php(37): CodeIgniter\CodeIgniter->run()
#10 /Applications/XAMPP/xamppfiles/htdocs/WebApp/system/Commands/Server/rewrite.php(43): require_once('/Applications/X...')
#11 {main}
CRITICAL - 2022-03-24 15:59:15 --> require(/Applications/XAMPP/xamppfiles/htdocs/WebApp/app/Controllers/vendor/autoload.php): Failed to open stream: No such file or directory
#0 /Applications/XAMPP/xamppfiles/htdocs/WebApp/app/Controllers/Home.php(5): CodeIgniter\Debug\Exceptions->errorHandler(2, 'require(/Applic...', '/Applications/X...', 5)
#1 /Applications/XAMPP/xamppfiles/htdocs/WebApp/app/Controllers/Home.php(5): require()
#2 /Applications/XAMPP/xamppfiles/htdocs/WebApp/system/Autoloader/Autoloader.php(264): include_once('/Applications/X...')
#3 /Applications/XAMPP/xamppfiles/htdocs/WebApp/system/Autoloader/Autoloader.php(241): CodeIgniter\Autoloader\Autoloader->includeFile('/Applications/X...')
#4 /Applications/XAMPP/xamppfiles/htdocs/WebApp/system/Autoloader/Autoloader.php(219): CodeIgniter\Autoloader\Autoloader->loadInNamespace('App\\Controllers...')
#5 [internal function]: CodeIgniter\Autoloader\Autoloader->loadClass('App\\Controllers...')
#6 /Applications/XAMPP/xamppfiles/htdocs/WebApp/system/CodeIgniter.php(790): class_exists('\\App\\Controller...', true)
#7 /Applications/XAMPP/xamppfiles/htdocs/WebApp/system/CodeIgniter.php(399): CodeIgniter\CodeIgniter->startController()
#8 /Applications/XAMPP/xamppfiles/htdocs/WebApp/system/CodeIgniter.php(320): CodeIgniter\CodeIgniter->handleRequest(NULL, Object(Config\Cache), false)
#9 /Applications/XAMPP/xamppfiles/htdocs/WebApp/public/index.php(37): CodeIgniter\CodeIgniter->run()
#10 /Applications/XAMPP/xamppfiles/htdocs/WebApp/system/Commands/Server/rewrite.php(43): require_once('/Applications/X...')
#11 {main}
CRITICAL - 2022-03-24 15:59:20 --> require(/Applications/XAMPP/xamppfiles/htdocs/WebApp/app/Controllers/vendor/autoload.php): Failed to open stream: No such file or directory
#0 /Applications/XAMPP/xamppfiles/htdocs/WebApp/app/Controllers/Home.php(5): CodeIgniter\Debug\Exceptions->errorHandler(2, 'require(/Applic...', '/Applications/X...', 5)
#1 /Applications/XAMPP/xamppfiles/htdocs/WebApp/app/Controllers/Home.php(5): require()
#2 /Applications/XAMPP/xamppfiles/htdocs/WebApp/system/Autoloader/Autoloader.php(264): include_once('/Applications/X...')
#3 /Applications/XAMPP/xamppfiles/htdocs/WebApp/system/Autoloader/Autoloader.php(241): CodeIgniter\Autoloader\Autoloader->includeFile('/Applications/X...')
#4 /Applications/XAMPP/xamppfiles/htdocs/WebApp/system/Autoloader/Autoloader.php(219): CodeIgniter\Autoloader\Autoloader->loadInNamespace('App\\Controllers...')
#5 [internal function]: CodeIgniter\Autoloader\Autoloader->loadClass('App\\Controllers...')
#6 /Applications/XAMPP/xamppfiles/htdocs/WebApp/system/CodeIgniter.php(790): class_exists('\\App\\Controller...', true)
#7 /Applications/XAMPP/xamppfiles/htdocs/WebApp/system/CodeIgniter.php(399): CodeIgniter\CodeIgniter->startController()
#8 /Applications/XAMPP/xamppfiles/htdocs/WebApp/system/CodeIgniter.php(320): CodeIgniter\CodeIgniter->handleRequest(NULL, Object(Config\Cache), false)
#9 /Applications/XAMPP/xamppfiles/htdocs/WebApp/public/index.php(37): CodeIgniter\CodeIgniter->run()
#10 /Applications/XAMPP/xamppfiles/htdocs/WebApp/system/Commands/Server/rewrite.php(43): require_once('/Applications/X...')
#11 {main}
ERROR - 2022-03-24 16:26:22 --> Error connecting to the database: Access denied for user ''@'localhost' (using password: NO)
CRITICAL - 2022-03-24 16:26:22 --> Unable to connect to the database.
Main connection [MySQLi]: Access denied for user ''@'localhost' (using password: NO)
#0 /Applications/XAMPP/xamppfiles/htdocs/WebApp/system/Database/BaseConnection.php(577): CodeIgniter\Database\BaseConnection->initialize()
#1 /Applications/XAMPP/xamppfiles/htdocs/WebApp/system/Database/BaseBuilder.php(1455): CodeIgniter\Database\BaseConnection->query('SELECT *\nFROM `...', Array, false)
#2 /Applications/XAMPP/xamppfiles/htdocs/WebApp/system/Model.php(210): CodeIgniter\Database\BaseBuilder->get()
#3 /Applications/XAMPP/xamppfiles/htdocs/WebApp/system/BaseModel.php(622): CodeIgniter\Model->doFirst()
#4 /Applications/XAMPP/xamppfiles/htdocs/WebApp/app/Controllers/Home.php(53): CodeIgniter\BaseModel->first()
#5 /Applications/XAMPP/xamppfiles/htdocs/WebApp/system/CodeIgniter.php(825): App\Controllers\Home->validateCredentials()
#6 /Applications/XAMPP/xamppfiles/htdocs/WebApp/system/CodeIgniter.php(412): CodeIgniter\CodeIgniter->runController(Object(App\Controllers\Home))
#7 /Applications/XAMPP/xamppfiles/htdocs/WebApp/system/CodeIgniter.php(320): CodeIgniter\CodeIgniter->handleRequest(NULL, Object(Config\Cache), false)
#8 /Applications/XAMPP/xamppfiles/htdocs/WebApp/public/index.php(37): CodeIgniter\CodeIgniter->run()
#9 /Applications/XAMPP/xamppfiles/htdocs/WebApp/system/Commands/Server/rewrite.php(43): require_once('/Applications/X...')
#10 {main}
CRITICAL - 2022-03-24 16:28:11 --> Invalid file: login/login.php
#0 /Applications/XAMPP/xamppfiles/htdocs/WebApp/system/View/View.php(198): CodeIgniter\Exceptions\FrameworkException::forInvalidFile('login/login.php')
#1 /Applications/XAMPP/xamppfiles/htdocs/WebApp/system/Common.php(1089): CodeIgniter\View\View->render('login/login', Array, true)
#2 /Applications/XAMPP/xamppfiles/htdocs/WebApp/app/Controllers/Home.php(73): view('login/login')
#3 /Applications/XAMPP/xamppfiles/htdocs/WebApp/system/CodeIgniter.php(825): App\Controllers\Home->validateCredentials()
#4 /Applications/XAMPP/xamppfiles/htdocs/WebApp/system/CodeIgniter.php(412): CodeIgniter\CodeIgniter->runController(Object(App\Controllers\Home))
#5 /Applications/XAMPP/xamppfiles/htdocs/WebApp/system/CodeIgniter.php(320): CodeIgniter\CodeIgniter->handleRequest(NULL, Object(Config\Cache), false)
#6 /Applications/XAMPP/xamppfiles/htdocs/WebApp/public/index.php(37): CodeIgniter\CodeIgniter->run()
#7 /Applications/XAMPP/xamppfiles/htdocs/WebApp/system/Commands/Server/rewrite.php(43): require_once('/Applications/X...')
#8 {main}
CRITICAL - 2022-03-24 16:36:44 --> Call to undefined function App\Controllers\sendToken()
#0 /Applications/XAMPP/xamppfiles/htdocs/WebApp/system/CodeIgniter.php(825): App\Controllers\Home->validateCredentials()
#1 /Applications/XAMPP/xamppfiles/htdocs/WebApp/system/CodeIgniter.php(412): CodeIgniter\CodeIgniter->runController(Object(App\Controllers\Home))
#2 /Applications/XAMPP/xamppfiles/htdocs/WebApp/system/CodeIgniter.php(320): CodeIgniter\CodeIgniter->handleRequest(NULL, Object(Config\Cache), false)
#3 /Applications/XAMPP/xamppfiles/htdocs/WebApp/public/index.php(37): CodeIgniter\CodeIgniter->run()
#4 /Applications/XAMPP/xamppfiles/htdocs/WebApp/system/Commands/Server/rewrite.php(43): require_once('/Applications/X...')
#5 {main}
CRITICAL - 2022-03-24 16:37:57 --> Call to undefined function App\Controllers\sendToken()
#0 /Applications/XAMPP/xamppfiles/htdocs/WebApp/system/CodeIgniter.php(825): App\Controllers\Home->validateCredentials()
#1 /Applications/XAMPP/xamppfiles/htdocs/WebApp/system/CodeIgniter.php(412): CodeIgniter\CodeIgniter->runController(Object(App\Controllers\Home))
#2 /Applications/XAMPP/xamppfiles/htdocs/WebApp/system/CodeIgniter.php(320): CodeIgniter\CodeIgniter->handleRequest(NULL, Object(Config\Cache), false)
#3 /Applications/XAMPP/xamppfiles/htdocs/WebApp/public/index.php(37): CodeIgniter\CodeIgniter->run()
#4 /Applications/XAMPP/xamppfiles/htdocs/WebApp/system/Commands/Server/rewrite.php(43): require_once('/Applications/X...')
#5 {main}
CRITICAL - 2022-03-24 16:58:51 --> syntax error, unexpected token "}", expecting ";"
#0 /Applications/XAMPP/xamppfiles/htdocs/WebApp/system/Router/Router.php(175): CodeIgniter\Router\Router->autoRoute('home/brockenAut...')
#1 /Applications/XAMPP/xamppfiles/htdocs/WebApp/system/CodeIgniter.php(719): CodeIgniter\Router\Router->handle('home/brockenAut...')
#2 /Applications/XAMPP/xamppfiles/htdocs/WebApp/system/CodeIgniter.php(361): CodeIgniter\CodeIgniter->tryToRouteIt(Object(CodeIgniter\Router\RouteCollection))
#3 /Applications/XAMPP/xamppfiles/htdocs/WebApp/system/CodeIgniter.php(320): CodeIgniter\CodeIgniter->handleRequest(NULL, Object(Config\Cache), false)
#4 /Applications/XAMPP/xamppfiles/htdocs/WebApp/public/index.php(37): CodeIgniter\CodeIgniter->run()
#5 /Applications/XAMPP/xamppfiles/htdocs/WebApp/system/Commands/Server/rewrite.php(43): require_once('/Applications/X...')
#6 {main}
CRITICAL - 2022-03-24 16:58:52 --> syntax error, unexpected token "}", expecting ";"
#0 /Applications/XAMPP/xamppfiles/htdocs/WebApp/system/Autoloader/Autoloader.php(241): CodeIgniter\Autoloader\Autoloader->includeFile('/Applications/X...')
#1 /Applications/XAMPP/xamppfiles/htdocs/WebApp/system/Autoloader/Autoloader.php(219): CodeIgniter\Autoloader\Autoloader->loadInNamespace('App\\Controllers...')
#2 [internal function]: CodeIgniter\Autoloader\Autoloader->loadClass('App\\Controllers...')
#3 /Applications/XAMPP/xamppfiles/htdocs/WebApp/system/CodeIgniter.php(790): class_exists('\\App\\Controller...', true)
#4 /Applications/XAMPP/xamppfiles/htdocs/WebApp/system/CodeIgniter.php(399): CodeIgniter\CodeIgniter->startController()
#5 /Applications/XAMPP/xamppfiles/htdocs/WebApp/system/CodeIgniter.php(320): CodeIgniter\CodeIgniter->handleRequest(NULL, Object(Config\Cache), false)
#6 /Applications/XAMPP/xamppfiles/htdocs/WebApp/public/index.php(37): CodeIgniter\CodeIgniter->run()
#7 /Applications/XAMPP/xamppfiles/htdocs/WebApp/system/Commands/Server/rewrite.php(43): require_once('/Applications/X...')
#8 {main}
CRITICAL - 2022-03-24 16:58:53 --> syntax error, unexpected token "}", expecting ";"
#0 /Applications/XAMPP/xamppfiles/htdocs/WebApp/system/Autoloader/Autoloader.php(241): CodeIgniter\Autoloader\Autoloader->includeFile('/Applications/X...')
#1 /Applications/XAMPP/xamppfiles/htdocs/WebApp/system/Autoloader/Autoloader.php(219): CodeIgniter\Autoloader\Autoloader->loadInNamespace('App\\Controllers...')
#2 [internal function]: CodeIgniter\Autoloader\Autoloader->loadClass('App\\Controllers...')
#3 /Applications/XAMPP/xamppfiles/htdocs/WebApp/system/CodeIgniter.php(790): class_exists('\\App\\Controller...', true)
#4 /Applications/XAMPP/xamppfiles/htdocs/WebApp/system/CodeIgniter.php(399): CodeIgniter\CodeIgniter->startController()
#5 /Applications/XAMPP/xamppfiles/htdocs/WebApp/system/CodeIgniter.php(320): CodeIgniter\CodeIgniter->handleRequest(NULL, Object(Config\Cache), false)
#6 /Applications/XAMPP/xamppfiles/htdocs/WebApp/public/index.php(37): CodeIgniter\CodeIgniter->run()
#7 /Applications/XAMPP/xamppfiles/htdocs/WebApp/system/Commands/Server/rewrite.php(43): require_once('/Applications/X...')
#8 {main}
CRITICAL - 2022-03-24 16:59:03 --> syntax error, unexpected token "}", expecting ";"
#0 /Applications/XAMPP/xamppfiles/htdocs/WebApp/system/Router/Router.php(175): CodeIgniter\Router\Router->autoRoute('home/index')
#1 /Applications/XAMPP/xamppfiles/htdocs/WebApp/system/CodeIgniter.php(719): CodeIgniter\Router\Router->handle('home/index')
#2 /Applications/XAMPP/xamppfiles/htdocs/WebApp/system/CodeIgniter.php(361): CodeIgniter\CodeIgniter->tryToRouteIt(Object(CodeIgniter\Router\RouteCollection))
#3 /Applications/XAMPP/xamppfiles/htdocs/WebApp/system/CodeIgniter.php(320): CodeIgniter\CodeIgniter->handleRequest(NULL, Object(Config\Cache), false)
#4 /Applications/XAMPP/xamppfiles/htdocs/WebApp/public/index.php(37): CodeIgniter\CodeIgniter->run()
#5 /Applications/XAMPP/xamppfiles/htdocs/WebApp/system/Commands/Server/rewrite.php(43): require_once('/Applications/X...')
#6 {main}
CRITICAL - 2022-03-24 16:59:40 --> Undefined global variable $_SESSION
#0 /Applications/XAMPP/xamppfiles/htdocs/WebApp/app/Controllers/Home.php(109): CodeIgniter\Debug\Exceptions->errorHandler(2, 'Undefined globa...', '/Applications/X...', 109)
#1 /Applications/XAMPP/xamppfiles/htdocs/WebApp/system/CodeIgniter.php(825): App\Controllers\Home->validateOtp()
#2 /Applications/XAMPP/xamppfiles/htdocs/WebApp/system/CodeIgniter.php(412): CodeIgniter\CodeIgniter->runController(Object(App\Controllers\Home))
#3 /Applications/XAMPP/xamppfiles/htdocs/WebApp/system/CodeIgniter.php(320): CodeIgniter\CodeIgniter->handleRequest(NULL, Object(Config\Cache), false)
#4 /Applications/XAMPP/xamppfiles/htdocs/WebApp/public/index.php(37): CodeIgniter\CodeIgniter->run()
#5 /Applications/XAMPP/xamppfiles/htdocs/WebApp/system/Commands/Server/rewrite.php(43): require_once('/Applications/X...')
#6 {main}
